0 info it worked if it ends with ok
1 verbose cli [ 'node',
1 verbose cli   '/usr/local/bin/npm',
1 verbose cli   'run',
1 verbose cli   'lessc',
1 verbose cli   './less/main.less',
1 verbose cli   './css/main1.css' ]
2 info using npm@1.4.28
3 info using node@v0.10.36
4 error Error: ENOENT, open '/Users/denis/Desktop/Affility Design/Landing/node_modules/lessc/package.json'
5 error If you need help, you may report this *entire* log,
5 error including the npm and node versions, at:
5 error     <http://github.com/npm/npm/issues>
6 error System Darwin 16.7.0
7 error command "node" "/usr/local/bin/npm" "run" "lessc" "./less/main.less" "./css/main1.css"
8 error cwd /Users/denis/Desktop/Affility Design/Landing
9 error node -v v0.10.36
10 error npm -v 1.4.28
11 error path /Users/denis/Desktop/Affility Design/Landing/node_modules/lessc/package.json
12 error code ENOENT
13 error errno 34
14 verbose exit [ 34, true ]
